<?xml version="1.0" encoding="UTF-8"?>
<testsuite xmlns:xsi="http://www.w3.org/2001/XMLSchema-instance" xsi:noNamespaceSchemaLocation="https://maven.apache.org/surefire/maven-surefire-plugin/xsd/surefire-test-report.xsd" name="ordertests.OrderGetTest" time="3.904" tests="2" errors="0" skipped="0" failures="0">
  <properties>
[...]
</properties>
  <testcase name="notAuthUserGetOrder" classname="ordertests.OrderGetTest" time="0.488"/>
  <testcase name="authUserGetOrder" classname="ordertests.OrderGetTest" time="3.413"/>
</testsuite>